<?xml version="1.0" encoding="UTF-8"?>
<!-- Generated by org.testng.reporters.JUnitReportReporter -->
<testsuite hostname="DESKTOP-BCVAUGE" failures="0" tests="4" name="calculator.StringCalculatorShould" time="0.043" errors="0" timestamp="2021-10-17T21:50:47 IST" skipped="0">
  <testcase classname="calculator.StringCalculatorShould" name="twoNumbersCommaDelimitedReturnSum" time="0.013"/>
  <system-out/>
  <testcase classname="calculator.StringCalculatorShould" name="threeNumbersDelimitedBothWayReturnSum" time="0.005"/>
  <system-out/>
  <testcase classname="calculator.StringCalculatorShould" name="empty_string_should_return_0" time="0.022"/>
  <system-out/>
  <testcase classname="calculator.StringCalculatorShould" name="twoNumbersNewLineDelimitedReturnSum" time="0.003"/>
  <system-out/>
</testsuite> <!-- calculator.StringCalculatorShould -->
