<?xml version="1.0" encoding="UTF-8"?>
<!-- Generated by org.testng.reporters.JUnitReportReporter -->
<testsuite hostname="DESKTOP-BCVAUGE" failures="0" tests="1" name="calculator.StringCalculatorShould" time="0.021" errors="0" timestamp="2021-10-17T21:44:42 IST" skipped="0">
  <testcase classname="calculator.StringCalculatorShould" name="empty_string_should_return_0" time="0.021"/>
  <system-out/>
</testsuite> <!-- calculator.StringCalculatorShould -->
